<?xml version="1.0" encoding="UTF-8"?>
<testng-results ignored="0" total="2" passed="2" failed="0" skipped="0">
  <reporter-output>
  </reporter-output>
  <suite started-at="2023-09-01T10:45:51Z" name="Suite" finished-at="2023-09-01T10:48:49Z" duration-ms="178197">
    <groups>
    </groups>
    <test started-at="2023-09-01T10:45:51Z" name="Test" finished-at="2023-09-01T10:48:49Z" duration-ms="178197">
      <class name="stctest.sepv2357.NewTest1">
        <test-method signature="f()[pri:0, instance:stctest.sepv2357.NewTest1@1b1426f4]" started-at="2023-09-01T10:45:51Z" name="f" finished-at="2023-09-01T10:47:20Z" duration-ms="89417" status="PASS">
          <reporter-output>
          </reporter-output>
        </test-method> <!-- f -->
      </class> <!-- stctest.sepv2357.NewTest1 -->
      <class name="stctest.sepv2357.NewTest2">
        <test-method signature="f()[pri:0, instance:stctest.sepv2357.NewTest2@32b260fa]" started-at="2023-09-01T10:47:20Z" name="f" finished-at="2023-09-01T10:48:49Z" duration-ms="88764" status="PASS">
          <reporter-output>
          </reporter-output>
        </test-method> <!-- f -->
      </class> <!-- stctest.sepv2357.NewTest2 -->
    </test> <!-- Test -->
  </suite> <!-- Suite -->
</testng-results>
