<?xml version="1.0" encoding="UTF-8"?>
<testng-results ignored="0" total="1" passed="1" failed="0" skipped="0">
  <reporter-output>
  </reporter-output>
  <suite started-at="2023-09-02T12:31:02 IST" name="Suite" finished-at="2023-09-02T12:31:09 IST" duration-ms="7216">
    <groups>
    </groups>
    <test started-at="2023-09-02T12:31:02 IST" name="Test" finished-at="2023-09-02T12:31:09 IST" duration-ms="7216">
      <class name="stctest.sepv2357.NewTest2">
        <test-method signature="f()[pri:0, instance:stctest.sepv2357.NewTest2@49e202ad]" started-at="2023-09-02T12:31:02 IST" name="f" finished-at="2023-09-02T12:31:09 IST" duration-ms="7195" status="PASS">
          <reporter-output>
          </reporter-output>
        </test-method> <!-- f -->
      </class> <!-- stctest.sepv2357.NewTest2 -->
    </test> <!-- Test -->
  </suite> <!-- Suite -->
</testng-results>
