<?xml version="1.0" encoding="UTF-8"?>
<testng-results ignored="0" total="1" passed="1" failed="0" skipped="0">
  <reporter-output>
  </reporter-output>
  <suite started-at="2023-09-02T12:27:23 IST" name="Default suite" finished-at="2023-09-02T12:28:24 IST" duration-ms="60496">
    <groups>
    </groups>
    <test started-at="2023-09-02T12:27:23 IST" name="Default test" finished-at="2023-09-02T12:28:24 IST" duration-ms="60496">
      <class name="stctest.sepv2357.NewTest2">
        <test-method signature="f()[pri:0, instance:stctest.sepv2357.NewTest2@2473d930]" started-at="2023-09-02T12:27:23 IST" name="f" finished-at="2023-09-02T12:28:24 IST" duration-ms="60464" status="PASS">
          <reporter-output>
          </reporter-output>
        </test-method> <!-- f -->
      </class> <!-- stctest.sepv2357.NewTest2 -->
    </test> <!-- Default test -->
  </suite> <!-- Default suite -->
</testng-results>
